
> robust-virtual-tour-builder@4.3.0 res:build
> rescript

Cleaned 0/122
Parsed 32 source files
Compiled 10 modules

  [1;33mWarning number 45[0m
  [36m/Users/r2/Desktop/robust-virtual-tour-builder/src/core/ReducerHelpers.res[0m:[2m2:1-10[0m

  1 [2m│[0m open JsonTypes
  [1;33m2[0m [2m│[0m [1;33mopen Types[0m
  3 [2m│[0m 
  4 [2m│[0m // Helper for array insertion

  this open statement shadows the label linkId (which is later used)


  [1;33mWarning number 45[0m
  [36m/Users/r2/Desktop/robust-virtual-tour-builder/src/core/ReducerHelpers.res[0m:[2m2:1-10[0m

  1 [2m│[0m open JsonTypes
  [1;33m2[0m [2m│[0m [1;33mopen Types[0m
  3 [2m│[0m 
  4 [2m│[0m // Helper for array insertion

  this open statement shadows the label yaw (which is later used)


  [1;33mWarning number 45[0m
  [36m/Users/r2/Desktop/robust-virtual-tour-builder/src/core/ReducerHelpers.res[0m:[2m2:1-10[0m

  1 [2m│[0m open JsonTypes
  [1;33m2[0m [2m│[0m [1;33mopen Types[0m
  3 [2m│[0m 
  4 [2m│[0m // Helper for array insertion

  this open statement shadows the label pitch (which is later used)


  [1;33mWarning number 45[0m
  [36m/Users/r2/Desktop/robust-virtual-tour-builder/src/core/ReducerHelpers.res[0m:[2m2:1-10[0m

  1 [2m│[0m open JsonTypes
  [1;33m2[0m [2m│[0m [1;33mopen Types[0m
  3 [2m│[0m 
  4 [2m│[0m // Helper for array insertion

  this open statement shadows the label target (which is later used)


  [1;33mWarning number 45[0m
  [36m/Users/r2/Desktop/robust-virtual-tour-builder/src/core/ReducerHelpers.res[0m:[2m2:1-10[0m

  1 [2m│[0m open JsonTypes
  [1;33m2[0m [2m│[0m [1;33mopen Types[0m
  3 [2m│[0m 
  4 [2m│[0m // Helper for array insertion

  this open statement shadows the label targetYaw (which is later used)


  [1;33mWarning number 45[0m
  [36m/Users/r2/Desktop/robust-virtual-tour-builder/src/core/ReducerHelpers.res[0m:[2m2:1-10[0m

  1 [2m│[0m open JsonTypes
  [1;33m2[0m [2m│[0m [1;33mopen Types[0m
  3 [2m│[0m 
  4 [2m│[0m // Helper for array insertion

  this open statement shadows the label targetPitch (which is later used)


  [1;33mWarning number 45[0m
  [36m/Users/r2/Desktop/robust-virtual-tour-builder/src/core/ReducerHelpers.res[0m:[2m2:1-10[0m

  1 [2m│[0m open JsonTypes
  [1;33m2[0m [2m│[0m [1;33mopen Types[0m
  3 [2m│[0m 
  4 [2m│[0m // Helper for array insertion

  this open statement shadows the label targetHfov (which is later used)


  [1;33mWarning number 45[0m
  [36m/Users/r2/Desktop/robust-virtual-tour-builder/src/core/ReducerHelpers.res[0m:[2m2:1-10[0m

  1 [2m│[0m open JsonTypes
  [1;33m2[0m [2m│[0m [1;33mopen Types[0m
  3 [2m│[0m 
  4 [2m│[0m // Helper for array insertion

  this open statement shadows the label startYaw (which is later used)


  [1;33mWarning number 45[0m
  [36m/Users/r2/Desktop/robust-virtual-tour-builder/src/core/ReducerHelpers.res[0m:[2m2:1-10[0m

  1 [2m│[0m open JsonTypes
  [1;33m2[0m [2m│[0m [1;33mopen Types[0m
  3 [2m│[0m 
  4 [2m│[0m // Helper for array insertion

  this open statement shadows the label startPitch (which is later used)


  [1;33mWarning number 45[0m
  [36m/Users/r2/Desktop/robust-virtual-tour-builder/src/core/ReducerHelpers.res[0m:[2m2:1-10[0m

  1 [2m│[0m open JsonTypes
  [1;33m2[0m [2m│[0m [1;33mopen Types[0m
  3 [2m│[0m 
  4 [2m│[0m // Helper for array insertion

  this open statement shadows the label startHfov (which is later used)


  [1;33mWarning number 45[0m
  [36m/Users/r2/Desktop/robust-virtual-tour-builder/src/core/ReducerHelpers.res[0m:[2m2:1-10[0m

  1 [2m│[0m open JsonTypes
  [1;33m2[0m [2m│[0m [1;33mopen Types[0m
  3 [2m│[0m 
  4 [2m│[0m // Helper for array insertion

  this open statement shadows the label isReturnLink (which is later used)


  [1;33mWarning number 45[0m
  [36m/Users/r2/Desktop/robust-virtual-tour-builder/src/core/ReducerHelpers.res[0m:[2m2:1-10[0m

  1 [2m│[0m open JsonTypes
  [1;33m2[0m [2m│[0m [1;33mopen Types[0m
  3 [2m│[0m 
  4 [2m│[0m // Helper for array insertion

  this open statement shadows the label viewFrame (which is later used)


  [1;33mWarning number 45[0m
  [36m/Users/r2/Desktop/robust-virtual-tour-builder/src/core/ReducerHelpers.res[0m:[2m2:1-10[0m

  1 [2m│[0m open JsonTypes
  [1;33m2[0m [2m│[0m [1;33mopen Types[0m
  3 [2m│[0m 
  4 [2m│[0m // Helper for array insertion

  this open statement shadows the label returnViewFrame (which is later used)


  [1;33mWarning number 45[0m
  [36m/Users/r2/Desktop/robust-virtual-tour-builder/src/core/ReducerHelpers.res[0m:[2m2:1-10[0m

  1 [2m│[0m open JsonTypes
  [1;33m2[0m [2m│[0m [1;33mopen Types[0m
  3 [2m│[0m 
  4 [2m│[0m // Helper for array insertion

  this open statement shadows the label waypoints (which is later used)


  [1;33mWarning number 45[0m
  [36m/Users/r2/Desktop/robust-virtual-tour-builder/src/core/ReducerHelpers.res[0m:[2m2:1-10[0m

  1 [2m│[0m open JsonTypes
  [1;33m2[0m [2m│[0m [1;33mopen Types[0m
  3 [2m│[0m 
  4 [2m│[0m // Helper for array insertion

  this open statement shadows the label displayPitch (which is later used)


  [1;33mWarning number 45[0m
  [36m/Users/r2/Desktop/robust-virtual-tour-builder/src/core/ReducerHelpers.res[0m:[2m2:1-10[0m

  1 [2m│[0m open JsonTypes
  [1;33m2[0m [2m│[0m [1;33mopen Types[0m
  3 [2m│[0m 
  4 [2m│[0m // Helper for array insertion

  this open statement shadows the label transition (which is later used)


  [1;33mWarning number 45[0m
  [36m/Users/r2/Desktop/robust-virtual-tour-builder/src/core/ReducerHelpers.res[0m:[2m2:1-10[0m

  1 [2m│[0m open JsonTypes
  [1;33m2[0m [2m│[0m [1;33mopen Types[0m
  3 [2m│[0m 
  4 [2m│[0m // Helper for array insertion

  this open statement shadows the label duration (which is later used)


  [1;33mWarning number 45[0m
  [36m/Users/r2/Desktop/robust-virtual-tour-builder/src/core/ReducerHelpers.res[0m:[2m2:1-10[0m

  1 [2m│[0m open JsonTypes
  [1;33m2[0m [2m│[0m [1;33mopen Types[0m
  3 [2m│[0m 
  4 [2m│[0m // Helper for array insertion

  this open statement shadows the label hfov (which is later used)


  [1;33mWarning number 45[0m
  [36m/Users/r2/Desktop/robust-virtual-tour-builder/src/core/ReducerHelpers.res[0m:[2m2:1-10[0m

  1 [2m│[0m open JsonTypes
  [1;33m2[0m [2m│[0m [1;33mopen Types[0m
  3 [2m│[0m 
  4 [2m│[0m // Helper for array insertion

  this open statement shadows the label id (which is later used)


  [1;33mWarning number 45[0m
  [36m/Users/r2/Desktop/robust-virtual-tour-builder/src/core/ReducerHelpers.res[0m:[2m2:1-10[0m

  1 [2m│[0m open JsonTypes
  [1;33m2[0m [2m│[0m [1;33mopen Types[0m
  3 [2m│[0m 
  4 [2m│[0m // Helper for array insertion

  this open statement shadows the label name (which is later used)


  [1;33mWarning number 45[0m
  [36m/Users/r2/Desktop/robust-virtual-tour-builder/src/core/ReducerHelpers.res[0m:[2m2:1-10[0m

  1 [2m│[0m open JsonTypes
  [1;33m2[0m [2m│[0m [1;33mopen Types[0m
  3 [2m│[0m 
  4 [2m│[0m // Helper for array insertion

  this open statement shadows the label file (which is later used)


  [1;33mWarning number 45[0m
  [36m/Users/r2/Desktop/robust-virtual-tour-builder/src/core/ReducerHelpers.res[0m:[2m2:1-10[0m

  1 [2m│[0m open JsonTypes
  [1;33m2[0m [2m│[0m [1;33mopen Types[0m
  3 [2m│[0m 
  4 [2m│[0m // Helper for array insertion

  this open statement shadows the label tinyFile (which is later used)


  [1;33mWarning number 45[0m
  [36m/Users/r2/Desktop/robust-virtual-tour-builder/src/core/ReducerHelpers.res[0m:[2m2:1-10[0m

  1 [2m│[0m open JsonTypes
  [1;33m2[0m [2m│[0m [1;33mopen Types[0m
  3 [2m│[0m 
  4 [2m│[0m // Helper for array insertion

  this open statement shadows the label originalFile (which is later used)


  [1;33mWarning number 45[0m
  [36m/Users/r2/Desktop/robust-virtual-tour-builder/src/core/ReducerHelpers.res[0m:[2m2:1-10[0m

  1 [2m│[0m open JsonTypes
  [1;33m2[0m [2m│[0m [1;33mopen Types[0m
  3 [2m│[0m 
  4 [2m│[0m // Helper for array insertion

  this open statement shadows the label hotspots (which is later used)


  [1;33mWarning number 45[0m
  [36m/Users/r2/Desktop/robust-virtual-tour-builder/src/core/ReducerHelpers.res[0m:[2m2:1-10[0m

  1 [2m│[0m open JsonTypes
  [1;33m2[0m [2m│[0m [1;33mopen Types[0m
  3 [2m│[0m 
  4 [2m│[0m // Helper for array insertion

  this open statement shadows the label category (which is later used)


  [1;33mWarning number 45[0m
  [36m/Users/r2/Desktop/robust-virtual-tour-builder/src/core/ReducerHelpers.res[0m:[2m2:1-10[0m

  1 [2m│[0m open JsonTypes
  [1;33m2[0m [2m│[0m [1;33mopen Types[0m
  3 [2m│[0m 
  4 [2m│[0m // Helper for array insertion

  this open statement shadows the label floor (which is later used)


  [1;33mWarning number 45[0m
  [36m/Users/r2/Desktop/robust-virtual-tour-builder/src/core/ReducerHelpers.res[0m:[2m2:1-10[0m

  1 [2m│[0m open JsonTypes
  [1;33m2[0m [2m│[0m [1;33mopen Types[0m
  3 [2m│[0m 
  4 [2m│[0m // Helper for array insertion

  this open statement shadows the label label (which is later used)


  [1;33mWarning number 45[0m
  [36m/Users/r2/Desktop/robust-virtual-tour-builder/src/core/ReducerHelpers.res[0m:[2m2:1-10[0m

  1 [2m│[0m open JsonTypes
  [1;33m2[0m [2m│[0m [1;33mopen Types[0m
  3 [2m│[0m 
  4 [2m│[0m // Helper for array insertion

  this open statement shadows the label quality (which is later used)


  [1;33mWarning number 45[0m
  [36m/Users/r2/Desktop/robust-virtual-tour-builder/src/core/ReducerHelpers.res[0m:[2m2:1-10[0m

  1 [2m│[0m open JsonTypes
  [1;33m2[0m [2m│[0m [1;33mopen Types[0m
  3 [2m│[0m 
  4 [2m│[0m // Helper for array insertion

  this open statement shadows the label colorGroup (which is later used)


  [1;33mWarning number 45[0m
  [36m/Users/r2/Desktop/robust-virtual-tour-builder/src/core/ReducerHelpers.res[0m:[2m2:1-10[0m

  1 [2m│[0m open JsonTypes
  [1;33m2[0m [2m│[0m [1;33mopen Types[0m
  3 [2m│[0m 
  4 [2m│[0m // Helper for array insertion

  this open statement shadows the label categorySet (which is later used)


  [1;33mWarning number 45[0m
  [36m/Users/r2/Desktop/robust-virtual-tour-builder/src/core/ReducerHelpers.res[0m:[2m2:1-10[0m

  1 [2m│[0m open JsonTypes
  [1;33m2[0m [2m│[0m [1;33mopen Types[0m
  3 [2m│[0m 
  4 [2m│[0m // Helper for array insertion

  this open statement shadows the label labelSet (which is later used)


  [1;33mWarning number 45[0m
  [36m/Users/r2/Desktop/robust-virtual-tour-builder/src/core/ReducerHelpers.res[0m:[2m2:1-10[0m

  1 [2m│[0m open JsonTypes
  [1;33m2[0m [2m│[0m [1;33mopen Types[0m
  3 [2m│[0m 
  4 [2m│[0m // Helper for array insertion

  this open statement shadows the label isAutoForward (which is later used)


  [1;33mWarning number 45[0m
  [36m/Users/r2/Desktop/robust-virtual-tour-builder/src/core/ReducerHelpers.res[0m:[2m2:1-10[0m

  1 [2m│[0m open JsonTypes
  [1;33m2[0m [2m│[0m [1;33mopen Types[0m
  3 [2m│[0m 
  4 [2m│[0m // Helper for array insertion

  this open statement shadows the label tourName (which is later used)


  [1;33mWarning number 45[0m
  [36m/Users/r2/Desktop/robust-virtual-tour-builder/src/core/ReducerHelpers.res[0m:[2m2:1-10[0m

  1 [2m│[0m open JsonTypes
  [1;33m2[0m [2m│[0m [1;33mopen Types[0m
  3 [2m│[0m 
  4 [2m│[0m // Helper for array insertion

  this open statement shadows the label scenes (which is later used)


  [1;33mWarning number 45[0m
  [36m/Users/r2/Desktop/robust-virtual-tour-builder/src/core/ReducerHelpers.res[0m:[2m2:1-10[0m

  1 [2m│[0m open JsonTypes
  [1;33m2[0m [2m│[0m [1;33mopen Types[0m
  3 [2m│[0m 
  4 [2m│[0m // Helper for array insertion

  this open statement shadows the label sceneId (which is later used)


  [1;33mWarning number 45[0m
  [36m/Users/r2/Desktop/robust-virtual-tour-builder/src/core/ReducerHelpers.res[0m:[2m2:1-10[0m

  1 [2m│[0m open JsonTypes
  [1;33m2[0m [2m│[0m [1;33mopen Types[0m
  3 [2m│[0m 
  4 [2m│[0m // Helper for array insertion

  this open statement shadows the label targetScene (which is later used)



  [1;31mWe've found a bug for you![0m
  [36m/Users/r2/Desktop/robust-virtual-tour-builder/tests/unit/VersionTest.res[0m:[2m20:22-29[0m

  18 [2m┆[0m 
  19 [2m┆[0m // Ensure it's a string, even if empty, though usually it has content
  [1;31m20[0m [2m┆[0m if typeof(info) != [1;31m"string"[0m {
  21 [2m┆[0m   Console.error("VersionTest Failed: getBuildInfo() did not return a st
     [2m┆[0m ring")
  22 [2m┆[0m   JsError.throwWithMessage("VersionTest Failed")

  This has type: [1;31mstring[0m
  But it's being compared to something of type: [1;33mType.t[0m

  You can only compare things of the same type.


Incremental build failed. Error: [2K  Failed to Compile. See Errors Above
