
> robust-virtual-tour-builder@4.3.0 res:build
> rescript

Cleaned 0/132
Parsed 23 source files
Compiled 18 modules

  [1;33mWarning number 21[0m
  [36m/Users/r2/Desktop/robust-virtual-tour-builder/src/systems/SimulationSystem.res[0m:[2m176:7-49[0m

  174 [2m┆[0m ReBindings.Dom.appendChild(el, span)
  175 [2m┆[0m 
  [1;33m176[0m [2m┆[0m [1;33mstyle["removeProperty"]("background-color")[0m
  177 [2m┆[0m style["setProperty"]("background-color", "#10b981", "important")
  178 [2m┆[0m asDynamic(el)["title"] = "Start Auto-Pilot Simulation"

  this statement never returns (or has an unsound type.)


  [1;33mWarning number 21[0m
  [36m/Users/r2/Desktop/robust-virtual-tour-builder/src/systems/SimulationSystem.res[0m:[2m177:7-70[0m

  175 [2m┆[0m 
  176 [2m┆[0m   style["removeProperty"]("background-color")
  [1;33m177[0m [2m┆[0m   [1;33mstyle["setProperty"]("background-color", "#10b981", "important")[0m
  178 [2m┆[0m   asDynamic(el)["title"] = "Start Auto-Pilot Simulation"
  179 [2m┆[0m | None => ()

  this statement never returns (or has an unsound type.)


  [1;33mWarning number 21[0m
  [36m/Users/r2/Desktop/robust-virtual-tour-builder/src/systems/SimulationSystem.res[0m:[2m474:7-49[0m

  472 [2m┆[0m ReBindings.Dom.appendChild(el, span)
  473 [2m┆[0m 
  [1;33m474[0m [2m┆[0m [1;33mstyle["removeProperty"]("background-color")[0m
  475 [2m┆[0m style["setProperty"]("background-color", "#dc3545", "important")
  476 [2m┆[0m asDynamic(el)["title"] = "Click to Stop Simulation"

  this statement never returns (or has an unsound type.)


  [1;33mWarning number 21[0m
  [36m/Users/r2/Desktop/robust-virtual-tour-builder/src/systems/SimulationSystem.res[0m:[2m475:7-70[0m

  473 [2m┆[0m 
  474 [2m┆[0m style["removeProperty"]("background-color")
  [1;33m475[0m [2m┆[0m [1;33mstyle["setProperty"]("background-color", "#dc3545", "important")[0m
  476 [2m┆[0m asDynamic(el)["title"] = "Click to Stop Simulation"
  477 [2m┆[0m ignore(asDynamic(el)["offsetHeight"]) // Trigget reflow

  this statement never returns (or has an unsound type.)


  [1;33mWarning number 45[0m
  [36m/Users/r2/Desktop/robust-virtual-tour-builder/src/core/ReducerHelpers.res[0m:[2m2:1-10[0m

  1 [2m│[0m open JsonTypes
  [1;33m2[0m [2m│[0m [1;33mopen Types[0m
  3 [2m│[0m 
  4 [2m│[0m // Helper for array insertion

  this open statement shadows the label linkId (which is later used)


  [1;33mWarning number 45[0m
  [36m/Users/r2/Desktop/robust-virtual-tour-builder/src/core/ReducerHelpers.res[0m:[2m2:1-10[0m

  1 [2m│[0m open JsonTypes
  [1;33m2[0m [2m│[0m [1;33mopen Types[0m
  3 [2m│[0m 
  4 [2m│[0m // Helper for array insertion

  this open statement shadows the label yaw (which is later used)


  [1;33mWarning number 45[0m
  [36m/Users/r2/Desktop/robust-virtual-tour-builder/src/core/ReducerHelpers.res[0m:[2m2:1-10[0m

  1 [2m│[0m open JsonTypes
  [1;33m2[0m [2m│[0m [1;33mopen Types[0m
  3 [2m│[0m 
  4 [2m│[0m // Helper for array insertion

  this open statement shadows the label pitch (which is later used)


  [1;33mWarning number 45[0m
  [36m/Users/r2/Desktop/robust-virtual-tour-builder/src/core/ReducerHelpers.res[0m:[2m2:1-10[0m

  1 [2m│[0m open JsonTypes
  [1;33m2[0m [2m│[0m [1;33mopen Types[0m
  3 [2m│[0m 
  4 [2m│[0m // Helper for array insertion

  this open statement shadows the label target (which is later used)


  [1;33mWarning number 45[0m
  [36m/Users/r2/Desktop/robust-virtual-tour-builder/src/core/ReducerHelpers.res[0m:[2m2:1-10[0m

  1 [2m│[0m open JsonTypes
  [1;33m2[0m [2m│[0m [1;33mopen Types[0m
  3 [2m│[0m 
  4 [2m│[0m // Helper for array insertion

  this open statement shadows the label targetYaw (which is later used)


  [1;33mWarning number 45[0m
  [36m/Users/r2/Desktop/robust-virtual-tour-builder/src/core/ReducerHelpers.res[0m:[2m2:1-10[0m

  1 [2m│[0m open JsonTypes
  [1;33m2[0m [2m│[0m [1;33mopen Types[0m
  3 [2m│[0m 
  4 [2m│[0m // Helper for array insertion

  this open statement shadows the label targetPitch (which is later used)


  [1;33mWarning number 45[0m
  [36m/Users/r2/Desktop/robust-virtual-tour-builder/src/core/ReducerHelpers.res[0m:[2m2:1-10[0m

  1 [2m│[0m open JsonTypes
  [1;33m2[0m [2m│[0m [1;33mopen Types[0m
  3 [2m│[0m 
  4 [2m│[0m // Helper for array insertion

  this open statement shadows the label targetHfov (which is later used)


  [1;33mWarning number 45[0m
  [36m/Users/r2/Desktop/robust-virtual-tour-builder/src/core/ReducerHelpers.res[0m:[2m2:1-10[0m

  1 [2m│[0m open JsonTypes
  [1;33m2[0m [2m│[0m [1;33mopen Types[0m
  3 [2m│[0m 
  4 [2m│[0m // Helper for array insertion

  this open statement shadows the label startYaw (which is later used)


  [1;33mWarning number 45[0m
  [36m/Users/r2/Desktop/robust-virtual-tour-builder/src/core/ReducerHelpers.res[0m:[2m2:1-10[0m

  1 [2m│[0m open JsonTypes
  [1;33m2[0m [2m│[0m [1;33mopen Types[0m
  3 [2m│[0m 
  4 [2m│[0m // Helper for array insertion

  this open statement shadows the label startPitch (which is later used)


  [1;33mWarning number 45[0m
  [36m/Users/r2/Desktop/robust-virtual-tour-builder/src/core/ReducerHelpers.res[0m:[2m2:1-10[0m

  1 [2m│[0m open JsonTypes
  [1;33m2[0m [2m│[0m [1;33mopen Types[0m
  3 [2m│[0m 
  4 [2m│[0m // Helper for array insertion

  this open statement shadows the label startHfov (which is later used)


  [1;33mWarning number 45[0m
  [36m/Users/r2/Desktop/robust-virtual-tour-builder/src/core/ReducerHelpers.res[0m:[2m2:1-10[0m

  1 [2m│[0m open JsonTypes
  [1;33m2[0m [2m│[0m [1;33mopen Types[0m
  3 [2m│[0m 
  4 [2m│[0m // Helper for array insertion

  this open statement shadows the label isReturnLink (which is later used)


  [1;33mWarning number 45[0m
  [36m/Users/r2/Desktop/robust-virtual-tour-builder/src/core/ReducerHelpers.res[0m:[2m2:1-10[0m

  1 [2m│[0m open JsonTypes
  [1;33m2[0m [2m│[0m [1;33mopen Types[0m
  3 [2m│[0m 
  4 [2m│[0m // Helper for array insertion

  this open statement shadows the label viewFrame (which is later used)


  [1;33mWarning number 45[0m
  [36m/Users/r2/Desktop/robust-virtual-tour-builder/src/core/ReducerHelpers.res[0m:[2m2:1-10[0m

  1 [2m│[0m open JsonTypes
  [1;33m2[0m [2m│[0m [1;33mopen Types[0m
  3 [2m│[0m 
  4 [2m│[0m // Helper for array insertion

  this open statement shadows the label returnViewFrame (which is later used)


  [1;33mWarning number 45[0m
  [36m/Users/r2/Desktop/robust-virtual-tour-builder/src/core/ReducerHelpers.res[0m:[2m2:1-10[0m

  1 [2m│[0m open JsonTypes
  [1;33m2[0m [2m│[0m [1;33mopen Types[0m
  3 [2m│[0m 
  4 [2m│[0m // Helper for array insertion

  this open statement shadows the label waypoints (which is later used)


  [1;33mWarning number 45[0m
  [36m/Users/r2/Desktop/robust-virtual-tour-builder/src/core/ReducerHelpers.res[0m:[2m2:1-10[0m

  1 [2m│[0m open JsonTypes
  [1;33m2[0m [2m│[0m [1;33mopen Types[0m
  3 [2m│[0m 
  4 [2m│[0m // Helper for array insertion

  this open statement shadows the label displayPitch (which is later used)


  [1;33mWarning number 45[0m
  [36m/Users/r2/Desktop/robust-virtual-tour-builder/src/core/ReducerHelpers.res[0m:[2m2:1-10[0m

  1 [2m│[0m open JsonTypes
  [1;33m2[0m [2m│[0m [1;33mopen Types[0m
  3 [2m│[0m 
  4 [2m│[0m // Helper for array insertion

  this open statement shadows the label transition (which is later used)


  [1;33mWarning number 45[0m
  [36m/Users/r2/Desktop/robust-virtual-tour-builder/src/core/ReducerHelpers.res[0m:[2m2:1-10[0m

  1 [2m│[0m open JsonTypes
  [1;33m2[0m [2m│[0m [1;33mopen Types[0m
  3 [2m│[0m 
  4 [2m│[0m // Helper for array insertion

  this open statement shadows the label duration (which is later used)


  [1;33mWarning number 45[0m
  [36m/Users/r2/Desktop/robust-virtual-tour-builder/src/core/ReducerHelpers.res[0m:[2m2:1-10[0m

  1 [2m│[0m open JsonTypes
  [1;33m2[0m [2m│[0m [1;33mopen Types[0m
  3 [2m│[0m 
  4 [2m│[0m // Helper for array insertion

  this open statement shadows the label hfov (which is later used)


  [1;33mWarning number 45[0m
  [36m/Users/r2/Desktop/robust-virtual-tour-builder/src/core/ReducerHelpers.res[0m:[2m2:1-10[0m

  1 [2m│[0m open JsonTypes
  [1;33m2[0m [2m│[0m [1;33mopen Types[0m
  3 [2m│[0m 
  4 [2m│[0m // Helper for array insertion

  this open statement shadows the label id (which is later used)


  [1;33mWarning number 45[0m
  [36m/Users/r2/Desktop/robust-virtual-tour-builder/src/core/ReducerHelpers.res[0m:[2m2:1-10[0m

  1 [2m│[0m open JsonTypes
  [1;33m2[0m [2m│[0m [1;33mopen Types[0m
  3 [2m│[0m 
  4 [2m│[0m // Helper for array insertion

  this open statement shadows the label name (which is later used)


  [1;33mWarning number 45[0m
  [36m/Users/r2/Desktop/robust-virtual-tour-builder/src/core/ReducerHelpers.res[0m:[2m2:1-10[0m

  1 [2m│[0m open JsonTypes
  [1;33m2[0m [2m│[0m [1;33mopen Types[0m
  3 [2m│[0m 
  4 [2m│[0m // Helper for array insertion

  this open statement shadows the label file (which is later used)


  [1;33mWarning number 45[0m
  [36m/Users/r2/Desktop/robust-virtual-tour-builder/src/core/ReducerHelpers.res[0m:[2m2:1-10[0m

  1 [2m│[0m open JsonTypes
  [1;33m2[0m [2m│[0m [1;33mopen Types[0m
  3 [2m│[0m 
  4 [2m│[0m // Helper for array insertion

  this open statement shadows the label tinyFile (which is later used)


  [1;33mWarning number 45[0m
  [36m/Users/r2/Desktop/robust-virtual-tour-builder/src/core/ReducerHelpers.res[0m:[2m2:1-10[0m

  1 [2m│[0m open JsonTypes
  [1;33m2[0m [2m│[0m [1;33mopen Types[0m
  3 [2m│[0m 
  4 [2m│[0m // Helper for array insertion

  this open statement shadows the label originalFile (which is later used)


  [1;33mWarning number 45[0m
  [36m/Users/r2/Desktop/robust-virtual-tour-builder/src/core/ReducerHelpers.res[0m:[2m2:1-10[0m

  1 [2m│[0m open JsonTypes
  [1;33m2[0m [2m│[0m [1;33mopen Types[0m
  3 [2m│[0m 
  4 [2m│[0m // Helper for array insertion

  this open statement shadows the label hotspots (which is later used)


  [1;33mWarning number 45[0m
  [36m/Users/r2/Desktop/robust-virtual-tour-builder/src/core/ReducerHelpers.res[0m:[2m2:1-10[0m

  1 [2m│[0m open JsonTypes
  [1;33m2[0m [2m│[0m [1;33mopen Types[0m
  3 [2m│[0m 
  4 [2m│[0m // Helper for array insertion

  this open statement shadows the label category (which is later used)


  [1;33mWarning number 45[0m
  [36m/Users/r2/Desktop/robust-virtual-tour-builder/src/core/ReducerHelpers.res[0m:[2m2:1-10[0m

  1 [2m│[0m open JsonTypes
  [1;33m2[0m [2m│[0m [1;33mopen Types[0m
  3 [2m│[0m 
  4 [2m│[0m // Helper for array insertion

  this open statement shadows the label floor (which is later used)


  [1;33mWarning number 45[0m
  [36m/Users/r2/Desktop/robust-virtual-tour-builder/src/core/ReducerHelpers.res[0m:[2m2:1-10[0m

  1 [2m│[0m open JsonTypes
  [1;33m2[0m [2m│[0m [1;33mopen Types[0m
  3 [2m│[0m 
  4 [2m│[0m // Helper for array insertion

  this open statement shadows the label label (which is later used)


  [1;33mWarning number 45[0m
  [36m/Users/r2/Desktop/robust-virtual-tour-builder/src/core/ReducerHelpers.res[0m:[2m2:1-10[0m

  1 [2m│[0m open JsonTypes
  [1;33m2[0m [2m│[0m [1;33mopen Types[0m
  3 [2m│[0m 
  4 [2m│[0m // Helper for array insertion

  this open statement shadows the label quality (which is later used)


  [1;33mWarning number 45[0m
  [36m/Users/r2/Desktop/robust-virtual-tour-builder/src/core/ReducerHelpers.res[0m:[2m2:1-10[0m

  1 [2m│[0m open JsonTypes
  [1;33m2[0m [2m│[0m [1;33mopen Types[0m
  3 [2m│[0m 
  4 [2m│[0m // Helper for array insertion

  this open statement shadows the label colorGroup (which is later used)


  [1;33mWarning number 45[0m
  [36m/Users/r2/Desktop/robust-virtual-tour-builder/src/core/ReducerHelpers.res[0m:[2m2:1-10[0m

  1 [2m│[0m open JsonTypes
  [1;33m2[0m [2m│[0m [1;33mopen Types[0m
  3 [2m│[0m 
  4 [2m│[0m // Helper for array insertion

  this open statement shadows the label categorySet (which is later used)


  [1;33mWarning number 45[0m
  [36m/Users/r2/Desktop/robust-virtual-tour-builder/src/core/ReducerHelpers.res[0m:[2m2:1-10[0m

  1 [2m│[0m open JsonTypes
  [1;33m2[0m [2m│[0m [1;33mopen Types[0m
  3 [2m│[0m 
  4 [2m│[0m // Helper for array insertion

  this open statement shadows the label labelSet (which is later used)


  [1;33mWarning number 45[0m
  [36m/Users/r2/Desktop/robust-virtual-tour-builder/src/core/ReducerHelpers.res[0m:[2m2:1-10[0m

  1 [2m│[0m open JsonTypes
  [1;33m2[0m [2m│[0m [1;33mopen Types[0m
  3 [2m│[0m 
  4 [2m│[0m // Helper for array insertion

  this open statement shadows the label isAutoForward (which is later used)


  [1;33mWarning number 45[0m
  [36m/Users/r2/Desktop/robust-virtual-tour-builder/src/core/ReducerHelpers.res[0m:[2m2:1-10[0m

  1 [2m│[0m open JsonTypes
  [1;33m2[0m [2m│[0m [1;33mopen Types[0m
  3 [2m│[0m 
  4 [2m│[0m // Helper for array insertion

  this open statement shadows the label tourName (which is later used)


  [1;33mWarning number 45[0m
  [36m/Users/r2/Desktop/robust-virtual-tour-builder/src/core/ReducerHelpers.res[0m:[2m2:1-10[0m

  1 [2m│[0m open JsonTypes
  [1;33m2[0m [2m│[0m [1;33mopen Types[0m
  3 [2m│[0m 
  4 [2m│[0m // Helper for array insertion

  this open statement shadows the label scenes (which is later used)


  [1;33mWarning number 45[0m
  [36m/Users/r2/Desktop/robust-virtual-tour-builder/src/core/ReducerHelpers.res[0m:[2m2:1-10[0m

  1 [2m│[0m open JsonTypes
  [1;33m2[0m [2m│[0m [1;33mopen Types[0m
  3 [2m│[0m 
  4 [2m│[0m // Helper for array insertion

  this open statement shadows the label sceneId (which is later used)


  [1;33mWarning number 45[0m
  [36m/Users/r2/Desktop/robust-virtual-tour-builder/src/core/ReducerHelpers.res[0m:[2m2:1-10[0m

  1 [2m│[0m open JsonTypes
  [1;33m2[0m [2m│[0m [1;33mopen Types[0m
  3 [2m│[0m 
  4 [2m│[0m // Helper for array insertion

  this open statement shadows the label targetScene (which is later used)


  [1;33mWarning number 45[0m
  [36m/Users/r2/Desktop/robust-virtual-tour-builder/tests/unit/NavigationRendererTest.res[0m:[2m4:1-13[0m

  2 [2m│[0m open NavigationRenderer
  3 [2m│[0m open Types
  [1;33m4[0m [2m│[0m [1;33mopen EventBus[0m
  5 [2m│[0m 
  6 [2m│[0m let run = () => {

  this open statement shadows the label journeyId (which is later used)


  [1;33mWarning number 45[0m
  [36m/Users/r2/Desktop/robust-virtual-tour-builder/tests/unit/NavigationRendererTest.res[0m:[2m4:1-13[0m

  2 [2m│[0m open NavigationRenderer
  3 [2m│[0m open Types
  [1;33m4[0m [2m│[0m [1;33mopen EventBus[0m
  5 [2m│[0m 
  6 [2m│[0m let run = () => {

  this open statement shadows the label pathData (which is later used)


  [1;33mWarning number 45[0m
  [36m/Users/r2/Desktop/robust-virtual-tour-builder/tests/unit/NavigationRendererTest.res[0m:[2m4:1-13[0m

  2 [2m│[0m open NavigationRenderer
  3 [2m│[0m open Types
  [1;33m4[0m [2m│[0m [1;33mopen EventBus[0m
  5 [2m│[0m 
  6 [2m│[0m let run = () => {

  this open statement shadows the label sourceIndex (which is later used)


  [1;33mWarning number 45[0m
  [36m/Users/r2/Desktop/robust-virtual-tour-builder/tests/unit/NavigationRendererTest.res[0m:[2m4:1-13[0m

  2 [2m│[0m open NavigationRenderer
  3 [2m│[0m open Types
  [1;33m4[0m [2m│[0m [1;33mopen EventBus[0m
  5 [2m│[0m 
  6 [2m│[0m let run = () => {

  this open statement shadows the label targetIndex (which is later used)


  [1;33mWarning number 45[0m
  [36m/Users/r2/Desktop/robust-virtual-tour-builder/tests/unit/NavigationRendererTest.res[0m:[2m4:1-13[0m

  2 [2m│[0m open NavigationRenderer
  3 [2m│[0m open Types
  [1;33m4[0m [2m│[0m [1;33mopen EventBus[0m
  5 [2m│[0m 
  6 [2m│[0m let run = () => {

  this open statement shadows the label hotspotIndex (which is later used)


  [1;33mWarning number 45[0m
  [36m/Users/r2/Desktop/robust-virtual-tour-builder/tests/unit/NavigationRendererTest.res[0m:[2m4:1-13[0m

  2 [2m│[0m open NavigationRenderer
  3 [2m│[0m open Types
  [1;33m4[0m [2m│[0m [1;33mopen EventBus[0m
  5 [2m│[0m 
  6 [2m│[0m let run = () => {

  this open statement shadows the label previewOnly (which is later used)


  [1;33mWarning number 3[0m
  [36m/Users/r2/Desktop/robust-virtual-tour-builder/tests/unit/NavigationRendererTest.res[0m:[2m189:8-24[0m

  187 [2m┆[0m 
  188 [2m┆[0m let yaw = getViewerYaw()
  [1;33m189[0m [2m┆[0m if [1;33mJs.Math.abs_float[0m(yaw -. 50.0) > 1.0 {
  190 [2m┆[0m   Console.log(
  191 [2m┆[0m     "    FAILED: Interpolation 50% incorrect. Expected ~50, got " ++ F
      [2m┆[0m loat.toString(yaw),

  deprecated: Js.Math.abs_float
  Use `Math.abs` instead.

  This can be automatically migrated by the ReScript migration tool. Run `rescript-tools migrate-all <project-root>` to run all automatic migrations available in your project, or `rescript-tools migrate <file>` to migrate a single file.


  [1;33mWarning number 3[0m
  [36m/Users/r2/Desktop/robust-virtual-tour-builder/tests/unit/NavigationRendererTest.res[0m:[2m201:8-24[0m

  199 [2m┆[0m 
  200 [2m┆[0m let yawEnd = getViewerYaw()
  [1;33m201[0m [2m┆[0m if [1;33mJs.Math.abs_float[0m(yawEnd -. 100.0) > 0.1 {
  202 [2m┆[0m   Console.log(
  203 [2m┆[0m     "    FAILED: End position incorrect. Expected 100, got " ++ Float.
      [2m┆[0m toString(yawEnd),

  deprecated: Js.Math.abs_float
  Use `Math.abs` instead.

  This can be automatically migrated by the ReScript migration tool. Run `rescript-tools migrate-all <project-root>` to run all automatic migrations available in your project, or `rescript-tools migrate <file>` to migrate a single file.


  [1;33mWarning number 26[0m
  [36m/Users/r2/Desktop/robust-virtual-tour-builder/src/components/ViewerLoader.res[0m:[2m383:21-30[0m

  381 [2m┆[0m switch Dict.get(configDict, "scenes") {
  382 [2m┆[0m | Some(scenes) =>
  [1;33m383[0m [2m┆[0m   let [1;33mscenesDict[0m = castToDict(scenes)
  384 [2m┆[0m   let _ = %raw("delete scenesDict['preview']")
  385 [2m┆[0m | None => ()

  unused variable scenesDict.

Fix this by:
- Deleting the variable if it's not used anymore.
- Prepending the variable name with `_` (like `_scenesDict`) to ignore that the variable is unused.
- Using the variable somewhere.


  [1;33mWarning number 3[0m
  [36m/Users/r2/Desktop/robust-virtual-tour-builder/tests/unit/TeaserPathfinderTest.res[0m:[2m57:40-52[0m

  55 [2m┆[0m assert(mock["getCallCount"]() == 1)
  56 [2m┆[0m let p1 = mock["getLastPayload"]()
  [1;33m57[0m [2m┆[0m let p1Dict = p1->JSON.Decode.object->[1;33mOption.getExn[0m
  58 [2m┆[0m assert(p1Dict->Dict.get("type")->Option.flatMap(JSON.Decode.string) == 
     [2m┆[0m Some("walk"))
  59 [2m┆[0m assert(p1Dict->Dict.get("scenes")->Option.flatMap(JSON.Decode.array)->O
     [2m┆[0m ption.map(Array.length) ==

  deprecated: Stdlib.Option.getExn
  Use `getOrThrow` instead

  This can be automatically migrated by the ReScript migration tool. Run `rescript-tools migrate-all <project-root>` to run all automatic migrations available in your project, or `rescript-tools migrate <file>` to migrate a single file.


  [1;33mWarning number 3[0m
  [36m/Users/r2/Desktop/robust-virtual-tour-builder/tests/unit/TeaserPathfinderTest.res[0m:[2m69:40-52[0m

  67 [2m┆[0m assert(mock["getCallCount"]() == 1)
  68 [2m┆[0m let p2 = mock["getLastPayload"]()
  [1;33m69[0m [2m┆[0m let p2Dict = p2->JSON.Decode.object->[1;33mOption.getExn[0m
  70 [2m┆[0m assert(p2Dict->Dict.get("type")->Option.flatMap(JSON.Decode.string) == 
     [2m┆[0m Some("timeline"))
  71 [2m┆[0m assert(p2Dict

  deprecated: Stdlib.Option.getExn
  Use `getOrThrow` instead

  This can be automatically migrated by the ReScript migration tool. Run `rescript-tools migrate-all <project-root>` to run all automatic migrations available in your project, or `rescript-tools migrate <file>` to migrate a single file.


  [1;33mWarning number 33[0m
  [36m/Users/r2/Desktop/robust-virtual-tour-builder/tests/unit/TeaserPathfinderTest.res[0m:[2m3:1-15[0m

  1 [2m│[0m /* tests/unit/TeaserPathfinderTest.res */
  2 [2m│[0m open TeaserPathfinder
  [1;33m3[0m [2m│[0m [1;33mopen ReBindings[0m
  4 [2m│[0m 
  5 [2m│[0m type mockObj = {

  unused open ReBindings.


  [1;33mWarning number 3[0m
  [36m/Users/r2/Desktop/robust-virtual-tour-builder/tests/unit/ProgressBarTest.res[0m:[2m120:5-19[0m

  118 [2m┆[0m   Console.log("✓ updateProgressBar: updates title when provided")
  119 [2m┆[0m } catch {
  [1;33m120[0m [2m┆[0m | [1;33mJs.Exn.Error(e)[0m =>
  121 [2m┆[0m   let msg = Js.Exn.message(e)->Belt.Option.getWithDefault("Unknown err
      [2m┆[0m or")
  122 [2m┆[0m   Console.error("✗ ProgressBar tests failed: " ++ msg)

  deprecated: Error
  Use `JsExn` instead

  This can be automatically migrated by the ReScript migration tool. Run `rescript-tools migrate-all <project-root>` to run all automatic migrations available in your project, or `rescript-tools migrate <file>` to migrate a single file.


  [1;33mWarning number 3[0m
  [36m/Users/r2/Desktop/robust-virtual-tour-builder/tests/unit/ProgressBarTest.res[0m:[2m121:15-28[0m

  119 [2m┆[0m } catch {
  120 [2m┆[0m | Js.Exn.Error(e) =>
  [1;33m121[0m [2m┆[0m   let msg = [1;33mJs.Exn.message[0m(e)->Belt.Option.getWithDefault("Unknown err
      [2m┆[0m [1;33mor")[0m
  122 [2m┆[0m   Console.error("✗ ProgressBar tests failed: " ++ msg)
  123 [2m┆[0m   assert(false)

  deprecated: Js.Exn.message
  Use `JsExn.message` instead

  This can be automatically migrated by the ReScript migration tool. Run `rescript-tools migrate-all <project-root>` to run all automatic migrations available in your project, or `rescript-tools migrate <file>` to migrate a single file.


  [1;33mWarning number 33[0m
  [36m/Users/r2/Desktop/robust-virtual-tour-builder/src/systems/Resizer.res[0m:[2m4:1-15[0m

  2 [2m│[0m 
  3 [2m│[0m open ReBindings
  [1;33m4[0m [2m│[0m [1;33mopen BackendApi[0m
  5 [2m│[0m open SharedTypes
  6 [2m│[0m 

  unused open BackendApi.


  [1;33mWarning number 3[0m
  [36m/Users/r2/Desktop/robust-virtual-tour-builder/src/systems/ExifReportGenerator.res[0m:[2m30:32-40[0m

  28 [2m│[0m   }
  29 [2m│[0m 
  [1;33m30[0m [2m│[0m external castToDict: JSON.t => [1;33mJs.Dict.t[0m<JSON.t> = "%identity"
  31 [2m│[0m external castToJson: 'a => JSON.t = "%identity"
  32 [2m│[0m 

  deprecated: Js.Dict.t
  Use `dict` directly instead.

  This can be automatically migrated by the ReScript migration tool. Run `rescript-tools migrate-all <project-root>` to run all automatic migrations available in your project, or `rescript-tools migrate <file>` to migrate a single file.


  [1;33mWarning number 3[0m
  [36m/Users/r2/Desktop/robust-virtual-tour-builder/tests/unit/ExifParserTest.res[0m:[2m47:5-19[0m

  45 [2m┆[0m   Console.log("✓ getCameraSignature passed (missing data)")
  46 [2m┆[0m } catch {
  [1;33m47[0m [2m┆[0m | [1;33mJs.Exn.Error(e)[0m =>
  48 [2m┆[0m   Console.error(
  49 [2m┆[0m     "✗ getCameraSignature failed (missing data): " ++

  deprecated: Error
  Use `JsExn` instead

  This can be automatically migrated by the ReScript migration tool. Run `rescript-tools migrate-all <project-root>` to run all automatic migrations available in your project, or `rescript-tools migrate <file>` to migrate a single file.


  [1;33mWarning number 3[0m
  [36m/Users/r2/Desktop/robust-virtual-tour-builder/tests/unit/ExifParserTest.res[0m:[2m50:20-33[0m

  48 [2m┆[0m   Console.error(
  49 [2m┆[0m     "✗ getCameraSignature failed (missing data): " ++
  [1;33m50[0m [2m┆[0m     Option.getOr([1;33mJs.Exn.message[0m(e), "Unknown"),
  51 [2m┆[0m   )
  52 [2m┆[0m | _ => Console.error("✗ getCameraSignature failed (missing data) with
     [2m┆[0m  unknown error")

  deprecated: Js.Exn.message
  Use `JsExn.message` instead

  This can be automatically migrated by the ReScript migration tool. Run `rescript-tools migrate-all <project-root>` to run all automatic migrations available in your project, or `rescript-tools migrate <file>` to migrate a single file.


  [1;33mWarning number 33[0m
  [36m/Users/r2/Desktop/robust-virtual-tour-builder/tests/unit/ExifParserTest.res[0m:[2m1:1-15[0m

  [1;33m1[0m [2m│[0m [1;33mopen ReBindings[0m
  2 [2m│[0m open SharedTypes
  3 [2m│[0m open ExifParser

  unused open ReBindings.


  [1;33mWarning number 26[0m
  [36m/Users/r2/Desktop/robust-virtual-tour-builder/tests/unit/GlobalStateBridgeTest.res[0m:[2m9:7-13[0m

   7 [2m┆[0m 
   8 [2m┆[0m // 1. Initial State
   [1;33m9[0m [2m┆[0m let [1;33minitial[0m = GlobalStateBridge.getState()
  10 [2m┆[0m // Note: Since this is a singleton, previous tests might have modified 
     [2m┆[0m it.
  11 [2m┆[0m // But for a clean run, it should be initial.

  unused variable initial.

Fix this by:
- Deleting the variable if it's not used anymore.
- Prepending the variable name with `_` (like `_initial`) to ignore that the variable is unused.
- Using the variable somewhere.



  [1;33mWarning number 3[0m
  [36m/Users/r2/Desktop/robust-virtual-tour-builder/src/systems/ProjectManager.res[0m:[2m135:46-64[0m

  133 [2m┆[0m let pd = castToDict(projectData)
  134 [2m┆[0m let scenesArray =
  [1;33m135[0m [2m┆[0m   Dict.get(pd, "scenes")->Option.flatMap([1;33mJs.Json.decodeArray[0m)->Option.
      [2m┆[0m [1;33mgetOr([])[0m
  136 [2m┆[0m 
  137 [2m┆[0m // Map scenes to point to backend URL

  deprecated: Js.Json.decodeArray
  Use `JSON.Decode.array` instead.

  This can be automatically migrated by the ReScript migration tool. Run `rescript-tools migrate-all <project-root>` to run all automatic migrations available in your project, or `rescript-tools migrate <file>` to migrate a single file.


  [1;33mWarning number 3[0m
  [36m/Users/r2/Desktop/robust-virtual-tour-builder/src/systems/ProjectManager.res[0m:[2m142:26-45[0m

  140 [2m┆[0m let name =
  141 [2m┆[0m   Dict.get(sceneDict, "name")
  [1;33m142[0m [2m┆[0m   ->Option.flatMap([1;33mJs.Json.decodeString[0m)
  143 [2m┆[0m   ->Option.getOr("unknown")
  144 [2m┆[0m 

  deprecated: Js.Json.decodeString
  Use `JSON.Decode.string` instead.

  This can be automatically migrated by the ReScript migration tool. Run `rescript-tools migrate-all <project-root>` to run all automatic migrations available in your project, or `rescript-tools migrate <file>` to migrate a single file.


  [1;31mWe've found a bug for you![0m
  [36m/Users/r2/Desktop/robust-virtual-tour-builder/src/systems/ProjectManager.res[0m:[2m149:41-52[0m

  147 [2m┆[0m 
  148 [2m┆[0m // Clone scene object (shallow copy)
  [1;31m149[0m [2m┆[0m let newSceneDict = Dict.fromArray([1;31mDict.entries[0m(sceneDict))
  150 [2m┆[0m 
  151 [2m┆[0m Dict.set(newSceneDict, "file", castToJson(fileUrl))

  The value entries can't be found in Dict


Incremental build failed. Error: [2K  Failed to Compile. See Errors Above
