
> robust-virtual-tour-builder@4.3.0 res:build
> rescript

Cleaned 0/144
Parsed 11 source files
Compiled 11 modules

  [1;33mWarning number 45[0m
  [36m/Users/r2/Desktop/robust-virtual-tour-builder/src/core/ReducerHelpers.res[0m:[2m2:1-10[0m

  1 [2m│[0m open JsonTypes
  [1;33m2[0m [2m│[0m [1;33mopen Types[0m
  3 [2m│[0m 
  4 [2m│[0m // Helper for array insertion

  this open statement shadows the label linkId (which is later used)


  [1;33mWarning number 45[0m
  [36m/Users/r2/Desktop/robust-virtual-tour-builder/src/core/ReducerHelpers.res[0m:[2m2:1-10[0m

  1 [2m│[0m open JsonTypes
  [1;33m2[0m [2m│[0m [1;33mopen Types[0m
  3 [2m│[0m 
  4 [2m│[0m // Helper for array insertion

  this open statement shadows the label yaw (which is later used)


  [1;33mWarning number 45[0m
  [36m/Users/r2/Desktop/robust-virtual-tour-builder/src/core/ReducerHelpers.res[0m:[2m2:1-10[0m

  1 [2m│[0m open JsonTypes
  [1;33m2[0m [2m│[0m [1;33mopen Types[0m
  3 [2m│[0m 
  4 [2m│[0m // Helper for array insertion

  this open statement shadows the label pitch (which is later used)


  [1;33mWarning number 45[0m
  [36m/Users/r2/Desktop/robust-virtual-tour-builder/src/core/ReducerHelpers.res[0m:[2m2:1-10[0m

  1 [2m│[0m open JsonTypes
  [1;33m2[0m [2m│[0m [1;33mopen Types[0m
  3 [2m│[0m 
  4 [2m│[0m // Helper for array insertion

  this open statement shadows the label target (which is later used)


  [1;33mWarning number 45[0m
  [36m/Users/r2/Desktop/robust-virtual-tour-builder/src/core/ReducerHelpers.res[0m:[2m2:1-10[0m

  1 [2m│[0m open JsonTypes
  [1;33m2[0m [2m│[0m [1;33mopen Types[0m
  3 [2m│[0m 
  4 [2m│[0m // Helper for array insertion

  this open statement shadows the label targetYaw (which is later used)


  [1;33mWarning number 45[0m
  [36m/Users/r2/Desktop/robust-virtual-tour-builder/src/core/ReducerHelpers.res[0m:[2m2:1-10[0m

  1 [2m│[0m open JsonTypes
  [1;33m2[0m [2m│[0m [1;33mopen Types[0m
  3 [2m│[0m 
  4 [2m│[0m // Helper for array insertion

  this open statement shadows the label targetPitch (which is later used)


  [1;33mWarning number 45[0m
  [36m/Users/r2/Desktop/robust-virtual-tour-builder/src/core/ReducerHelpers.res[0m:[2m2:1-10[0m

  1 [2m│[0m open JsonTypes
  [1;33m2[0m [2m│[0m [1;33mopen Types[0m
  3 [2m│[0m 
  4 [2m│[0m // Helper for array insertion

  this open statement shadows the label targetHfov (which is later used)


  [1;33mWarning number 45[0m
  [36m/Users/r2/Desktop/robust-virtual-tour-builder/src/core/ReducerHelpers.res[0m:[2m2:1-10[0m

  1 [2m│[0m open JsonTypes
  [1;33m2[0m [2m│[0m [1;33mopen Types[0m
  3 [2m│[0m 
  4 [2m│[0m // Helper for array insertion

  this open statement shadows the label startYaw (which is later used)


  [1;33mWarning number 45[0m
  [36m/Users/r2/Desktop/robust-virtual-tour-builder/src/core/ReducerHelpers.res[0m:[2m2:1-10[0m

  1 [2m│[0m open JsonTypes
  [1;33m2[0m [2m│[0m [1;33mopen Types[0m
  3 [2m│[0m 
  4 [2m│[0m // Helper for array insertion

  this open statement shadows the label startPitch (which is later used)


  [1;33mWarning number 45[0m
  [36m/Users/r2/Desktop/robust-virtual-tour-builder/src/core/ReducerHelpers.res[0m:[2m2:1-10[0m

  1 [2m│[0m open JsonTypes
  [1;33m2[0m [2m│[0m [1;33mopen Types[0m
  3 [2m│[0m 
  4 [2m│[0m // Helper for array insertion

  this open statement shadows the label startHfov (which is later used)


  [1;33mWarning number 45[0m
  [36m/Users/r2/Desktop/robust-virtual-tour-builder/src/core/ReducerHelpers.res[0m:[2m2:1-10[0m

  1 [2m│[0m open JsonTypes
  [1;33m2[0m [2m│[0m [1;33mopen Types[0m
  3 [2m│[0m 
  4 [2m│[0m // Helper for array insertion

  this open statement shadows the label isReturnLink (which is later used)


  [1;33mWarning number 45[0m
  [36m/Users/r2/Desktop/robust-virtual-tour-builder/src/core/ReducerHelpers.res[0m:[2m2:1-10[0m

  1 [2m│[0m open JsonTypes
  [1;33m2[0m [2m│[0m [1;33mopen Types[0m
  3 [2m│[0m 
  4 [2m│[0m // Helper for array insertion

  this open statement shadows the label viewFrame (which is later used)


  [1;33mWarning number 45[0m
  [36m/Users/r2/Desktop/robust-virtual-tour-builder/src/core/ReducerHelpers.res[0m:[2m2:1-10[0m

  1 [2m│[0m open JsonTypes
  [1;33m2[0m [2m│[0m [1;33mopen Types[0m
  3 [2m│[0m 
  4 [2m│[0m // Helper for array insertion

  this open statement shadows the label returnViewFrame (which is later used)


  [1;33mWarning number 45[0m
  [36m/Users/r2/Desktop/robust-virtual-tour-builder/src/core/ReducerHelpers.res[0m:[2m2:1-10[0m

  1 [2m│[0m open JsonTypes
  [1;33m2[0m [2m│[0m [1;33mopen Types[0m
  3 [2m│[0m 
  4 [2m│[0m // Helper for array insertion

  this open statement shadows the label waypoints (which is later used)


  [1;33mWarning number 45[0m
  [36m/Users/r2/Desktop/robust-virtual-tour-builder/src/core/ReducerHelpers.res[0m:[2m2:1-10[0m

  1 [2m│[0m open JsonTypes
  [1;33m2[0m [2m│[0m [1;33mopen Types[0m
  3 [2m│[0m 
  4 [2m│[0m // Helper for array insertion

  this open statement shadows the label displayPitch (which is later used)


  [1;33mWarning number 45[0m
  [36m/Users/r2/Desktop/robust-virtual-tour-builder/src/core/ReducerHelpers.res[0m:[2m2:1-10[0m

  1 [2m│[0m open JsonTypes
  [1;33m2[0m [2m│[0m [1;33mopen Types[0m
  3 [2m│[0m 
  4 [2m│[0m // Helper for array insertion

  this open statement shadows the label transition (which is later used)


  [1;33mWarning number 45[0m
  [36m/Users/r2/Desktop/robust-virtual-tour-builder/src/core/ReducerHelpers.res[0m:[2m2:1-10[0m

  1 [2m│[0m open JsonTypes
  [1;33m2[0m [2m│[0m [1;33mopen Types[0m
  3 [2m│[0m 
  4 [2m│[0m // Helper for array insertion

  this open statement shadows the label duration (which is later used)


  [1;33mWarning number 45[0m
  [36m/Users/r2/Desktop/robust-virtual-tour-builder/src/core/ReducerHelpers.res[0m:[2m2:1-10[0m

  1 [2m│[0m open JsonTypes
  [1;33m2[0m [2m│[0m [1;33mopen Types[0m
  3 [2m│[0m 
  4 [2m│[0m // Helper for array insertion

  this open statement shadows the label hfov (which is later used)


  [1;33mWarning number 45[0m
  [36m/Users/r2/Desktop/robust-virtual-tour-builder/src/core/ReducerHelpers.res[0m:[2m2:1-10[0m

  1 [2m│[0m open JsonTypes
  [1;33m2[0m [2m│[0m [1;33mopen Types[0m
  3 [2m│[0m 
  4 [2m│[0m // Helper for array insertion

  this open statement shadows the label id (which is later used)


  [1;33mWarning number 45[0m
  [36m/Users/r2/Desktop/robust-virtual-tour-builder/src/core/ReducerHelpers.res[0m:[2m2:1-10[0m

  1 [2m│[0m open JsonTypes
  [1;33m2[0m [2m│[0m [1;33mopen Types[0m
  3 [2m│[0m 
  4 [2m│[0m // Helper for array insertion

  this open statement shadows the label name (which is later used)


  [1;33mWarning number 45[0m
  [36m/Users/r2/Desktop/robust-virtual-tour-builder/src/core/ReducerHelpers.res[0m:[2m2:1-10[0m

  1 [2m│[0m open JsonTypes
  [1;33m2[0m [2m│[0m [1;33mopen Types[0m
  3 [2m│[0m 
  4 [2m│[0m // Helper for array insertion

  this open statement shadows the label file (which is later used)


  [1;33mWarning number 45[0m
  [36m/Users/r2/Desktop/robust-virtual-tour-builder/src/core/ReducerHelpers.res[0m:[2m2:1-10[0m

  1 [2m│[0m open JsonTypes
  [1;33m2[0m [2m│[0m [1;33mopen Types[0m
  3 [2m│[0m 
  4 [2m│[0m // Helper for array insertion

  this open statement shadows the label tinyFile (which is later used)


  [1;33mWarning number 45[0m
  [36m/Users/r2/Desktop/robust-virtual-tour-builder/src/core/ReducerHelpers.res[0m:[2m2:1-10[0m

  1 [2m│[0m open JsonTypes
  [1;33m2[0m [2m│[0m [1;33mopen Types[0m
  3 [2m│[0m 
  4 [2m│[0m // Helper for array insertion

  this open statement shadows the label originalFile (which is later used)


  [1;33mWarning number 45[0m
  [36m/Users/r2/Desktop/robust-virtual-tour-builder/src/core/ReducerHelpers.res[0m:[2m2:1-10[0m

  1 [2m│[0m open JsonTypes
  [1;33m2[0m [2m│[0m [1;33mopen Types[0m
  3 [2m│[0m 
  4 [2m│[0m // Helper for array insertion

  this open statement shadows the label hotspots (which is later used)


  [1;33mWarning number 45[0m
  [36m/Users/r2/Desktop/robust-virtual-tour-builder/src/core/ReducerHelpers.res[0m:[2m2:1-10[0m

  1 [2m│[0m open JsonTypes
  [1;33m2[0m [2m│[0m [1;33mopen Types[0m
  3 [2m│[0m 
  4 [2m│[0m // Helper for array insertion

  this open statement shadows the label category (which is later used)


  [1;33mWarning number 45[0m
  [36m/Users/r2/Desktop/robust-virtual-tour-builder/src/core/ReducerHelpers.res[0m:[2m2:1-10[0m

  1 [2m│[0m open JsonTypes
  [1;33m2[0m [2m│[0m [1;33mopen Types[0m
  3 [2m│[0m 
  4 [2m│[0m // Helper for array insertion

  this open statement shadows the label floor (which is later used)


  [1;33mWarning number 45[0m
  [36m/Users/r2/Desktop/robust-virtual-tour-builder/src/core/ReducerHelpers.res[0m:[2m2:1-10[0m

  1 [2m│[0m open JsonTypes
  [1;33m2[0m [2m│[0m [1;33mopen Types[0m
  3 [2m│[0m 
  4 [2m│[0m // Helper for array insertion

  this open statement shadows the label label (which is later used)


  [1;33mWarning number 45[0m
  [36m/Users/r2/Desktop/robust-virtual-tour-builder/src/core/ReducerHelpers.res[0m:[2m2:1-10[0m

  1 [2m│[0m open JsonTypes
  [1;33m2[0m [2m│[0m [1;33mopen Types[0m
  3 [2m│[0m 
  4 [2m│[0m // Helper for array insertion

  this open statement shadows the label quality (which is later used)


  [1;33mWarning number 45[0m
  [36m/Users/r2/Desktop/robust-virtual-tour-builder/src/core/ReducerHelpers.res[0m:[2m2:1-10[0m

  1 [2m│[0m open JsonTypes
  [1;33m2[0m [2m│[0m [1;33mopen Types[0m
  3 [2m│[0m 
  4 [2m│[0m // Helper for array insertion

  this open statement shadows the label colorGroup (which is later used)


  [1;33mWarning number 45[0m
  [36m/Users/r2/Desktop/robust-virtual-tour-builder/src/core/ReducerHelpers.res[0m:[2m2:1-10[0m

  1 [2m│[0m open JsonTypes
  [1;33m2[0m [2m│[0m [1;33mopen Types[0m
  3 [2m│[0m 
  4 [2m│[0m // Helper for array insertion

  this open statement shadows the label categorySet (which is later used)


  [1;33mWarning number 45[0m
  [36m/Users/r2/Desktop/robust-virtual-tour-builder/src/core/ReducerHelpers.res[0m:[2m2:1-10[0m

  1 [2m│[0m open JsonTypes
  [1;33m2[0m [2m│[0m [1;33mopen Types[0m
  3 [2m│[0m 
  4 [2m│[0m // Helper for array insertion

  this open statement shadows the label labelSet (which is later used)


  [1;33mWarning number 45[0m
  [36m/Users/r2/Desktop/robust-virtual-tour-builder/src/core/ReducerHelpers.res[0m:[2m2:1-10[0m

  1 [2m│[0m open JsonTypes
  [1;33m2[0m [2m│[0m [1;33mopen Types[0m
  3 [2m│[0m 
  4 [2m│[0m // Helper for array insertion

  this open statement shadows the label isAutoForward (which is later used)


  [1;33mWarning number 45[0m
  [36m/Users/r2/Desktop/robust-virtual-tour-builder/src/core/ReducerHelpers.res[0m:[2m2:1-10[0m

  1 [2m│[0m open JsonTypes
  [1;33m2[0m [2m│[0m [1;33mopen Types[0m
  3 [2m│[0m 
  4 [2m│[0m // Helper for array insertion

  this open statement shadows the label tourName (which is later used)


  [1;33mWarning number 45[0m
  [36m/Users/r2/Desktop/robust-virtual-tour-builder/src/core/ReducerHelpers.res[0m:[2m2:1-10[0m

  1 [2m│[0m open JsonTypes
  [1;33m2[0m [2m│[0m [1;33mopen Types[0m
  3 [2m│[0m 
  4 [2m│[0m // Helper for array insertion

  this open statement shadows the label scenes (which is later used)


  [1;33mWarning number 45[0m
  [36m/Users/r2/Desktop/robust-virtual-tour-builder/src/core/ReducerHelpers.res[0m:[2m2:1-10[0m

  1 [2m│[0m open JsonTypes
  [1;33m2[0m [2m│[0m [1;33mopen Types[0m
  3 [2m│[0m 
  4 [2m│[0m // Helper for array insertion

  this open statement shadows the label sceneId (which is later used)


  [1;33mWarning number 45[0m
  [36m/Users/r2/Desktop/robust-virtual-tour-builder/src/core/ReducerHelpers.res[0m:[2m2:1-10[0m

  1 [2m│[0m open JsonTypes
  [1;33m2[0m [2m│[0m [1;33mopen Types[0m
  3 [2m│[0m 
  4 [2m│[0m // Helper for array insertion

  this open statement shadows the label targetScene (which is later used)



  [1;31mWe've found a bug for you![0m
  [36m/Users/r2/Desktop/robust-virtual-tour-builder/src/systems/ProjectManager.res[0m:[2m140:9-142:33[0m

  138 [2m┆[0m let validScenes = Belt.Array.map(scenesArray, item => {
  139 [2m┆[0m   let sceneDict = castToDict(item)
  [1;31m140[0m [2m┆[0m     [1;31mDict.get(sceneDict, "name")[0m
  [1;31m141[0m [2m┆[0m [1;31m    ->Option.flatMap(JSON.Decode.string)[0m
  [1;31m142[0m [2m┆[0m [1;31m    ->Option.getOr("unknown")[0m
  143 [2m┆[0m 
  144 [2m┆[0m   let fileUrl =

  This function call returns: [1;31mstring[0m
  But it's expected to return: [1;33munit[0m

  - Did you mean to assign this to a variable?
  - If you don't care about the result of this expression, you can assign it to [1;33m_[0m via [1;33mlet _ = ...[0m or pipe it to [1;33mignore[0m via [1;33mexpression->ignore[0m




Incremental build failed. Error: [2K  Failed to Compile. See Errors Above
