
> robust-virtual-tour-builder@4.3.0 res:build
> rescript

Cleaned 0/153
Parsed 2 source files
Compiled 33 modules

  [1;33mWarning number 26[0m
  [36m/Users/r2/Desktop/robust-virtual-tour-builder/tests/unit/ExifReportGeneratorTest.res[0m:[2m8:7-11[0m

   6 [2m┆[0m // Debug regex
   7 [2m┆[0m let dt = "2025:01:15 14:30"
   [1;33m8[0m [2m┆[0m let [1;33mregex[0m = /\\d{4}:\\d{2}:\\d{2}\\s+\\d{2}:\\d{2}/
   9 [2m┆[0m // In ReScript, if we use %re("/.../"), backslashes MUST be escaped if 
     [2m┆[0m we want them in the final JS string?
  10 [2m┆[0m // Actually, %re("/") uses the same escaping as JS /.../

  unused variable regex.

Fix this by:
- Deleting the variable if it's not used anymore.
- Prepending the variable name with `_` (like `_regex`) to ignore that the variable is unused.
- Using the variable somewhere.


  [1;33mWarning number 45[0m
  [36m/Users/r2/Desktop/robust-virtual-tour-builder/src/systems/UploadProcessor.res[0m:[2m3:1-10[0m

  1 [2m│[0m open ReBindings
  2 [2m│[0m open SharedTypes
  [1;33m3[0m [2m│[0m [1;33mopen Types[0m
  4 [2m│[0m 
  5 [2m│[0m /* Bindings for File API */

  this open statement shadows the label quality (which is later used)


  [1;33mWarning number 33[0m
  [36m/Users/r2/Desktop/robust-virtual-tour-builder/tests/unit/ProjectManagerTest.res[0m:[2m1:1-15[0m

  [1;33m1[0m [2m│[0m [1;33mopen ReBindings[0m
  2 [2m│[0m open ProjectManager
  3 [2m│[0m 

  unused open ReBindings.


  [1;33mWarning number 33[0m
  [36m/Users/r2/Desktop/robust-virtual-tour-builder/tests/unit/ProjectManagerTest.res[0m:[2m2:1-19[0m

  1 [2m│[0m open ReBindings
  [1;33m2[0m [2m│[0m [1;33mopen ProjectManager[0m
  3 [2m│[0m 
  4 [2m│[0m let run = () => {

  unused open ProjectManager.


  [1;33mWarning number 3[0m
  [36m/Users/r2/Desktop/robust-virtual-tour-builder/src/components/SceneList.res[0m:[2m220:20-38[0m

  218 [2m┆[0m let totalHeight = Array.length(state.scenes)->Int.toFloat *. itemHeigh
      [2m┆[0m t
  219 [2m┆[0m 
  [1;33m220[0m [2m┆[0m let startIndex = [1;33mJs.Math.floor_float[0m(scrollTop /. itemHeight) -. buffe
      [2m┆[0m [1;33mr->Int.toFloat[0m
  221 [2m┆[0m let startIndex = Js.Math.max_float(0.0, startIndex)->Float.toInt
  222 [2m┆[0m 

  deprecated: Js.Math.floor_float
  Use `Math.floor` instead.

  This can be automatically migrated by the ReScript migration tool. Run `rescript-tools migrate-all <project-root>` to run all automatic migrations available in your project, or `rescript-tools migrate <file>` to migrate a single file.


  [1;33mWarning number 3[0m
  [36m/Users/r2/Desktop/robust-virtual-tour-builder/src/components/SceneList.res[0m:[2m221:20-36[0m

  219 [2m┆[0m 
  220 [2m┆[0m let startIndex = Js.Math.floor_float(scrollTop /. itemHeight) -. buffe
      [2m┆[0m r->Int.toFloat
  [1;33m221[0m [2m┆[0m let startIndex = [1;33mJs.Math.max_float[0m(0.0, startIndex)->Float.toInt
  222 [2m┆[0m 
  223 [2m┆[0m let visibleCount = Js.Math.ceil_float(viewportHeight /. itemHeight)

  deprecated: Js.Math.max_float
  Use `Math.max` instead.

  This can be automatically migrated by the ReScript migration tool. Run `rescript-tools migrate-all <project-root>` to run all automatic migrations available in your project, or `rescript-tools migrate <file>` to migrate a single file.


  [1;33mWarning number 3[0m
  [36m/Users/r2/Desktop/robust-virtual-tour-builder/src/components/SceneList.res[0m:[2m223:22-39[0m

  221 [2m┆[0m let startIndex = Js.Math.max_float(0.0, startIndex)->Float.toInt
  222 [2m┆[0m 
  [1;33m223[0m [2m┆[0m let visibleCount = [1;33mJs.Math.ceil_float[0m(viewportHeight /. itemHeight)
  224 [2m┆[0m let endIndex = startIndex + visibleCount->Float.toInt + buffer * 2
  225 [2m┆[0m let endIndex = Js.Math.min_int(Array.length(state.scenes) - 1, endInde
      [2m┆[0m x)

  deprecated: Js.Math.ceil_float
  Use `Math.ceil` instead.

  This can be automatically migrated by the ReScript migration tool. Run `rescript-tools migrate-all <project-root>` to run all automatic migrations available in your project, or `rescript-tools migrate <file>` to migrate a single file.


  [1;33mWarning number 3[0m
  [36m/Users/r2/Desktop/robust-virtual-tour-builder/src/components/SceneList.res[0m:[2m225:18-32[0m

  223 [2m┆[0m let visibleCount = Js.Math.ceil_float(viewportHeight /. itemHeight)
  224 [2m┆[0m let endIndex = startIndex + visibleCount->Float.toInt + buffer * 2
  [1;33m225[0m [2m┆[0m let endIndex = [1;33mJs.Math.min_int[0m(Array.length(state.scenes) - 1, endInde
      [2m┆[0m [1;33mx)[0m
  226 [2m┆[0m 
  227 [2m┆[0m let handleSceneClick = (index, _e) => {

  deprecated: Js.Math.min_int
  Use `Math.Int.min` instead.

  This can be automatically migrated by the ReScript migration tool. Run `rescript-tools migrate-all <project-root>` to run all automatic migrations available in your project, or `rescript-tools migrate <file>` to migrate a single file.


